<?xml version="1.0" encoding="UTF-8"?>
<!-- Generated by org.testng.reporters.JUnitXMLReporter -->
<testsuite hostname="LAPTOP-3FSGIJEU" ignored="0" name="Test" tests="8" failures="0" timestamp="2022-10-17T21:28:20 IST" time="178.848" errors="0">
  <testcase name="loginClose" time="2.131" classname="com.test.FlipkartTest"/>
  <testcase name="scroll" time="6.968" classname="com.test.FlipkartTest"/>
  <testcase name="searchProduct" time="5.917" classname="com.test.FlipkartTest"/>
  <testcase name="loadImage" time="14.6" classname="com.test.FlipkartTest"/>
  <testcase name="scrollFrequency" time="2.85" classname="com.test.FlipkartTest"/>
  <testcase name="downloadImages" time="0.388" classname="com.test.FlipkartTest"/>
  <testcase name="screenResolution" time="6.092" classname="com.test.FlipkartTest"/>
  <testcase name="diffBrowEdge" time="50.921" classname="com.test.FlipkartTest"/>
</testsuite> <!-- Test -->
